5/24/2015 10:44:12 AM, Program: Calczaf, Error: Binary for Kr la in C  at 15 keV, was not found., Procedure: AFactorPenepmaReadmatrix
5/24/2015 10:44:13 AM, Program: Calczaf, Error: Binary for Kr la in C  at 15 keV, was not found., Procedure: AFactorPenepmaReadmatrix
5/24/2015 10:44:14 AM, Program: Calczaf, Error: Binary for Kr la in C  at 15 keV, was not found., Procedure: AFactorPenepmaReadmatrix
5/24/2015 10:44:23 AM, Program: Calczaf, Error: Binary for Kr la in C  at 15 keV, was not found., Procedure: AFactorPenepmaReadmatrix
5/24/2015 10:45:42 AM, Program: Calczaf, Error: Binary for Kr la in C  at 15 keV, was not found., Procedure: AFactorPenepmaReadmatrix
5/24/2015 10:46:44 AM, Program: Calczaf, Error: Binary for Kr la in C  at 15 keV, was not found., Procedure: AFactorPenepmaReadmatrix
5/24/2015 10:47:11 AM, Program: Calczaf, Error: Binary for Kr la in C  at 15 keV, was not found., Procedure: AFactorPenepmaReadmatrix
5/24/2015 10:47:19 AM, Program: Calczaf, Error: Binary for Kr la in C  at 15 keV, was not found., Procedure: AFactorPenepmaReadmatrix
5/24/2015 10:47:33 AM, Program: Calczaf, Error: Binary for Kr la in C  at 15 keV, was not found., Procedure: AFactorPenepmaReadmatrix
5/24/2015 10:50:17 AM, Program: Calczaf, Error: Binary for Kr la in C  at 15 keV, was not found., Procedure: AFactorPenepmaReadmatrix
5/24/2015 10:50:23 AM, Program: Calczaf, Error: Binary for Kr la in C  at 15 keV, was not found., Procedure: AFactorPenepmaReadmatrix
5/24/2015 10:50:46 AM, Program: Calczaf, Error: Binary for Kr la in C  at 15 keV, was not found., Procedure: AFactorPenepmaReadmatrix
5/24/2015 10:52:16 AM, Program: Calczaf, Error: Binary for Kr la in C  at 15 keV, was not found., Procedure: AFactorPenepmaReadmatrix
5/24/2015 10:52:37 AM, Program: Calczaf, Error: Binary for Kr la in C  at 15 keV, was not found., Procedure: AFactorPenepmaReadmatrix
5/24/2015 10:52:48 AM, Program: Calczaf, Error: Binary for Kr la in C  at 15 keV, was not found., Procedure: AFactorPenepmaReadmatrix
5/24/2015 10:53:41 AM, Program: Calczaf, Error: Binary for Kr la in C  at 15 keV, was not found., Procedure: AFactorPenepmaReadmatrix
5/24/2015 10:54:12 AM, Program: Calczaf, Error: Binary for Kr la in C  at 15 keV, was not found., Procedure: AFactorPenepmaReadmatrix
5/24/2015 10:55:30 AM, Program: Calczaf, Error: Binary for Kr la in C  at 15 keV, was not found., Procedure: AFactorPenepmaReadmatrix
5/24/2015 10:56:03 AM, Program: Calczaf, Error: Binary for Kr la in C  at 15 keV, was not found., Procedure: AFactorPenepmaReadmatrix
5/24/2015 10:56:30 AM, Program: Calczaf, Error: Binary for Kr la in C  at 15 keV, was not found., Procedure: AFactorPenepmaReadmatrix
5/24/2015 10:56:44 AM, Program: Calczaf, Error: Binary for Kr la in C  at 15 keV, was not found., Procedure: AFactorPenepmaReadmatrix
5/24/2015 10:57:16 AM, Program: Calczaf, Error: Binary for Kr la in C  at 15 keV, was not found., Procedure: AFactorPenepmaReadmatrix
5/24/2015 10:59:58 AM, Program: Calczaf, Error: Binary for Kr la in C  at 15 keV, was not found., Procedure: AFactorPenepmaReadmatrix
5/24/2015 11:00:10 AM, Program: Calczaf, Error: Binary for Kr la in C  at 15 keV, was not found., Procedure: AFactorPenepmaReadmatrix
5/24/2015 11:10:05 AM, Program: Calczaf, Error: Binary for Kr la in C  at 15 keV, was not found., Procedure: AFactorPenepmaReadmatrix
5/24/2015 11:12:49 AM, Program: Calczaf, Error: Binary for Kr la in C  at 15 keV, was not found., Procedure: AFactorPenepmaReadmatrix
5/24/2015 11:12:57 AM, Program: Calczaf, Error: Binary for Kr la in C  at 15 keV, was not found., Procedure: AFactorPenepmaReadmatrix
5/24/2015 11:13:11 AM, Program: Calczaf, Error: Binary for Kr la in C  at 15 keV, was not found., Procedure: AFactorPenepmaReadmatrix
5/24/2015 11:13:43 AM, Program: Calczaf, Error: Binary for Kr la in C  at 15 keV, was not found., Procedure: AFactorPenepmaReadmatrix
5/24/2015 11:14:14 AM, Program: Calczaf, Error: Binary for Kr la in C  at 15 keV, was not found., Procedure: AFactorPenepmaReadmatrix
5/24/2015 11:14:18 AM, Program: Calczaf, Error: Binary for Kr la in C  at 15 keV, was not found., Procedure: AFactorPenepmaReadmatrix
5/24/2015 11:14:57 AM, Program: Calczaf, Error: Binary for Kr la in C  at 15 keV, was not found., Procedure: AFactorPenepmaReadmatrix
5/24/2015 11:15:01 AM, Program: Calczaf, Error: Binary for Kr la in C  at 15 keV, was not found., Procedure: AFactorPenepmaReadmatrix
5/24/2015 11:15:18 AM, Program: Calczaf, Error: Binary for Kr la in C  at 15 keV, was not found., Procedure: AFactorPenepmaReadmatrix
5/24/2015 11:16:07 AM, Program: Calczaf, Error: Binary for Kr la in C  at 15 keV, was not found., Procedure: AFactorPenepmaReadmatrix
5/24/2015 11:17:26 AM, Program: Calczaf, Error: Binary for Kr la in C  at 15 keV, was not found., Procedure: AFactorPenepmaReadmatrix
5/24/2015 11:17:30 AM, Program: Calczaf, Error: Binary for Kr la in C  at 15 keV, was not found., Procedure: AFactorPenepmaReadmatrix
5/24/2015 11:17:51 AM, Program: Calczaf, Error: Binary for Kr la in C  at 15 keV, was not found., Procedure: AFactorPenepmaReadmatrix
5/24/2015 11:17:55 AM, Program: Calczaf, Error: Binary for Kr la in C  at 15 keV, was not found., Procedure: AFactorPenepmaReadmatrix
5/24/2015 11:23:05 AM, Program: Calczaf, Error: Binary for Kr la in C  at 15 keV, was not found., Procedure: AFactorPenepmaReadmatrix
5/24/2015 11:23:06 AM, Program: Calczaf, Error: Binary for Kr la in C  at 15 keV, was not found., Procedure: AFactorPenepmaReadmatrix
5/24/2015 11:23:07 AM, Program: Calczaf, Error: Binary for Kr la in C  at 15 keV, was not found., Procedure: AFactorPenepmaReadmatrix
5/24/2015 11:23:12 AM, Program: Calczaf, Error: Binary for Kr la in C  at 15 keV, was not found., Procedure: AFactorPenepmaReadmatrix
5/24/2015 11:24:10 AM, Program: Calczaf, Error: Binary for Kr la in C  at 15 keV, was not found., Procedure: AFactorPenepmaReadmatrix
5/24/2015 11:24:13 AM, Program: Calczaf, Error: Binary for Kr la in C  at 15 keV, was not found., Procedure: AFactorPenepmaReadmatrix
5/24/2015 11:24:31 AM, Program: Calczaf, Error: Binary for Kr la in C  at 15 keV, was not found., Procedure: AFactorPenepmaReadmatrix
5/24/2015 11:24:36 AM, Program: Calczaf, Error: Binary for Kr la in C  at 15 keV, was not found., Procedure: AFactorPenepmaReadmatrix
5/24/2015 11:24:44 AM, Program: Calczaf, Error: Binary for Kr la in C  at 15 keV, was not found., Procedure: AFactorPenepmaReadmatrix
5/24/2015 11:25:08 AM, Program: Calczaf, Error: Binary for Kr la in C  at 15 keV, was not found., Procedure: AFactorPenepmaReadmatrix
5/24/2015 11:25:42 AM, Program: Calczaf, Error: Binary for Kr la in C  at 15 keV, was not found., Procedure: AFactorPenepmaReadmatrix
5/24/2015 11:26:15 AM, Program: Calczaf, Error: Binary for Kr la in C  at 15 keV, was not found., Procedure: AFactorPenepmaReadmatrix
5/24/2015 11:26:50 AM, Program: Calczaf, Error: Binary for Kr la in C  at 15 keV, was not found., Procedure: AFactorPenepmaReadmatrix
5/24/2015 11:26:54 AM, Program: Calczaf, Error: Binary for Kr la in C  at 15 keV, was not found., Procedure: AFactorPenepmaReadmatrix
5/24/2015 11:27:02 AM, Program: Calczaf, Error: Binary for Kr la in C  at 15 keV, was not found., Procedure: AFactorPenepmaReadmatrix
5/24/2015 11:27:43 AM, Program: Calczaf, Error: Binary for Kr la in C  at 15 keV, was not found., Procedure: AFactorPenepmaReadmatrix
5/24/2015 11:28:05 AM, Program: Calczaf, Error: Binary for Kr la in C  at 15 keV, was not found., Procedure: AFactorPenepmaReadmatrix
5/24/2015 11:28:44 AM, Program: Calczaf, Error: Binary for Kr la in C  at 15 keV, was not found., Procedure: AFactorPenepmaReadmatrix
5/24/2015 11:30:38 AM, Program: Calczaf, Error: Binary for Kr la in C  at 15 keV, was not found., Procedure: AFactorPenepmaReadmatrix
5/24/2015 11:30:39 AM, Program: Calczaf, Error: Binary for Kr la in C  at 15 keV, was not found., Procedure: AFactorPenepmaReadmatrix
5/24/2015 11:30:40 AM, Program: Calczaf, Error: Binary for Kr la in C  at 15 keV, was not found., Procedure: AFactorPenepmaReadmatrix
5/24/2015 11:30:48 AM, Program: Calczaf, Error: Binary for Kr la in C  at 15 keV, was not found., Procedure: AFactorPenepmaReadmatrix
5/24/2015 11:34:45 AM, Program: Calczaf, Error: Binary for Kr la in C  at 15 keV, was not found., Procedure: AFactorPenepmaReadmatrix
5/24/2015 11:36:49 AM, Program: Calczaf, Error: Binary for Kr la in C  at 15 keV, was not found., Procedure: AFactorPenepmaReadmatrix
5/24/2015 11:37:01 AM, Program: Calczaf, Error: Binary for Kr la in C  at 15 keV, was not found., Procedure: AFactorPenepmaReadmatrix
5/24/2015 11:37:01 AM, Program: Calczaf, Error: Binary for Kr la in C  at 15 keV, was not found., Procedure: AFactorPenepmaReadmatrix
5/24/2015 11:37:02 AM, Program: Calczaf, Error: Binary for Kr la in C  at 15 keV, was not found., Procedure: AFactorPenepmaReadmatrix
5/24/2015 11:37:09 AM, Program: Calczaf, Error: Binary for Kr la in C  at 15 keV, was not found., Procedure: AFactorPenepmaReadmatrix
5/24/2015 12:04:14 PM, Program: Calczaf, Error: Binary for Kr la in C  at 15 keV, was not found., Procedure: AFactorPenepmaReadmatrix
5/24/2015 12:07:01 PM, Program: Calczaf, Error: Binary for Kr la in C  at 15 keV, was not found., Procedure: AFactorPenepmaReadmatrix
5/24/2015 12:10:36 PM, Program: Calczaf, Error: Binary for Kr la in C  at 15 keV, was not found., Procedure: AFactorPenepmaReadmatrix
5/24/2015 12:11:08 PM, Program: Calczaf, Error: Binary for Kr la in C  at 15 keV, was not found., Procedure: AFactorPenepmaReadmatrix
5/24/2015 12:12:02 PM, Program: Calczaf, Error: Binary for Kr la in C  at 15 keV, was not found., Procedure: AFactorPenepmaReadmatrix
5/24/2015 12:26:53 PM, Program: Calczaf, Error: Binary for Kr la in C  at 15 keV, was not found., Procedure: AFactorPenepmaReadmatrix
5/24/2015 12:26:54 PM, Program: Calczaf, Error: Binary for Kr la in C  at 15 keV, was not found., Procedure: AFactorPenepmaReadmatrix
5/24/2015 12:26:55 PM, Program: Calczaf, Error: Binary for Kr la in C  at 15 keV, was not found., Procedure: AFactorPenepmaReadmatrix
5/24/2015 12:27:03 PM, Program: Calczaf, Error: Binary for Kr la in C  at 15 keV, was not found., Procedure: AFactorPenepmaReadmatrix
5/24/2015 12:27:38 PM, Program: Calczaf, Error: Binary for Kr la in C  at 15 keV, was not found., Procedure: AFactorPenepmaReadmatrix
5/24/2015 12:29:08 PM, Program: Calczaf, Error: Binary for Kr la in C  at 15 keV, was not found., Procedure: AFactorPenepmaReadmatrix
5/24/2015 12:29:17 PM, Program: Calczaf, Error: Binary for Kr la in C  at 15 keV, was not found., Procedure: AFactorPenepmaReadmatrix
5/24/2015 12:29:43 PM, Program: Calczaf, Error: Binary for Kr la in C  at 15 keV, was not found., Procedure: AFactorPenepmaReadmatrix
5/24/2015 12:29:48 PM, Program: Calczaf, Error: Binary for Kr la in C  at 15 keV, was not found., Procedure: AFactorPenepmaReadmatrix
5/24/2015 12:31:20 PM, Program: Calczaf, Error: Binary for Kr la in C  at 15 keV, was not found., Procedure: AFactorPenepmaReadmatrix
5/24/2015 12:38:06 PM, Program: Calczaf, Error: Binary for Kr la in C  at 15 keV, was not found., Procedure: AFactorPenepmaReadmatrix
5/24/2015 12:38:07 PM, Program: Calczaf, Error: Binary for Kr la in C  at 15 keV, was not found., Procedure: AFactorPenepmaReadmatrix
5/24/2015 12:38:08 PM, Program: Calczaf, Error: Binary for Kr la in C  at 15 keV, was not found., Procedure: AFactorPenepmaReadmatrix
5/24/2015 12:38:23 PM, Program: Calczaf, Error: Binary for Kr la in C  at 15 keV, was not found., Procedure: AFactorPenepmaReadmatrix
5/24/2015 12:45:45 PM, Program: Calczaf, Error: Binary for Kr la in C  at 15 keV, was not found., Procedure: AFactorPenepmaReadmatrix
5/24/2015 12:45:46 PM, Program: Calczaf, Error: Binary for Kr la in C  at 15 keV, was not found., Procedure: AFactorPenepmaReadmatrix
5/24/2015 12:45:46 PM, Program: Calczaf, Error: Binary for Kr la in C  at 15 keV, was not found., Procedure: AFactorPenepmaReadmatrix
5/24/2015 12:45:56 PM, Program: Calczaf, Error: Binary for Kr la in C  at 15 keV, was not found., Procedure: AFactorPenepmaReadmatrix
5/24/2015 12:46:29 PM, Program: Calczaf, Error: Binary for Kr la in C  at 15 keV, was not found., Procedure: AFactorPenepmaReadmatrix
5/24/2015 12:47:24 PM, Program: Calczaf, Error: Binary for Kr la in C  at 15 keV, was not found., Procedure: AFactorPenepmaReadmatrix
5/24/2015 12:48:14 PM, Program: Calczaf, Error: Binary for Kr la in C  at 15 keV, was not found., Procedure: AFactorPenepmaReadmatrix
5/24/2015 12:48:22 PM, Program: Calczaf, Error: Binary for Kr la in C  at 15 keV, was not found., Procedure: AFactorPenepmaReadmatrix
7/15/2015 7:15:54 PM, Program: Calczaf, Error: Binary for Al ka in Fe at 20 keV, was not found., Procedure: AFactorPenepmaReadmatrix
7/15/2015 7:15:55 PM, Program: Calczaf, Error: Binary for Al ka in Fe at 25 keV, was not found., Procedure: AFactorPenepmaReadmatrix
7/15/2015 7:15:56 PM, Program: Calczaf, Error: Binary for Al ka in Fe at 30 keV, was not found., Procedure: AFactorPenepmaReadmatrix
7/15/2015 7:15:56 PM, Program: Calczaf, Error: Binary for Fe ka in Al at 20 keV, was not found., Procedure: AFactorPenepmaReadmatrix
7/15/2015 7:15:57 PM, Program: Calczaf, Error: Binary for Fe ka in Al at 25 keV, was not found., Procedure: AFactorPenepmaReadmatrix
7/15/2015 7:15:58 PM, Program: Calczaf, Error: Binary for Fe ka in Al at 30 keV, was not found., Procedure: AFactorPenepmaReadmatrix
7/15/2015 7:15:58 PM, Program: Calczaf, Error: Binary for Fe ka in S  at 10 keV, was not found., Procedure: AFactorPenepmaReadmatrix
7/15/2015 7:15:59 PM, Program: Calczaf, Error: Binary for Fe ka in S  at 12 keV, was not found., Procedure: AFactorPenepmaReadmatrix
7/15/2015 7:16:00 PM, Program: Calczaf, Error: Binary for Fe ka in S  at 15 keV, was not found., Procedure: AFactorPenepmaReadmatrix
7/15/2015 7:16:01 PM, Program: Calczaf, Error: Binary for Fe ka in S  at 20 keV, was not found., Procedure: AFactorPenepmaReadmatrix
7/15/2015 7:16:01 PM, Program: Calczaf, Error: Binary for Fe ka in S  at 25 keV, was not found., Procedure: AFactorPenepmaReadmatrix
7/15/2015 7:16:02 PM, Program: Calczaf, Error: Binary for Fe ka in S  at 30 keV, was not found., Procedure: AFactorPenepmaReadmatrix
7/15/2015 7:16:35 PM, Program: Calczaf, Error: Binary for V  ka in B  at 6 keV, was not found., Procedure: AFactorPenepmaReadmatrix
7/15/2015 7:17:33 PM, Program: Calczaf, Error: Binary for Zr la in B  at 4 keV, was not found., Procedure: AFactorPenepmaReadmatrix
7/15/2015 7:17:34 PM, Program: Calczaf, Error: Binary for Zr la in B  at 6 keV, was not found., Procedure: AFactorPenepmaReadmatrix
7/15/2015 7:17:35 PM, Program: Calczaf, Error: Binary for Zr la in B  at 8 keV, was not found., Procedure: AFactorPenepmaReadmatrix
7/15/2015 7:17:36 PM, Program: Calczaf, Error: Binary for Zr la in B  at 10 keV, was not found., Procedure: AFactorPenepmaReadmatrix
7/15/2015 7:17:37 PM, Program: Calczaf, Error: Binary for Zr la in B  at 12 keV, was not found., Procedure: AFactorPenepmaReadmatrix
7/15/2015 7:17:38 PM, Program: Calczaf, Error: Binary for Zr la in B  at 15 keV, was not found., Procedure: AFactorPenepmaReadmatrix
7/15/2015 7:17:39 PM, Program: Calczaf, Error: Binary for Zr la in B  at 20 keV, was not found., Procedure: AFactorPenepmaReadmatrix
7/15/2015 7:17:40 PM, Program: Calczaf, Error: Binary for Zr la in B  at 25 keV, was not found., Procedure: AFactorPenepmaReadmatrix
7/15/2015 7:17:42 PM, Program: Calczaf, Error: Binary for Zr la in B  at 30 keV, was not found., Procedure: AFactorPenepmaReadmatrix
7/15/2015 7:17:43 PM, Program: Calczaf, Error: Binary for Nb la in B  at 4 keV, was not found., Procedure: AFactorPenepmaReadmatrix
7/15/2015 7:17:44 PM, Program: Calczaf, Error: Binary for Nb la in B  at 6 keV, was not found., Procedure: AFactorPenepmaReadmatrix
7/15/2015 7:17:45 PM, Program: Calczaf, Error: Binary for Nb la in B  at 8 keV, was not found., Procedure: AFactorPenepmaReadmatrix
7/15/2015 7:17:46 PM, Program: Calczaf, Error: Binary for Nb la in B  at 10 keV, was not found., Procedure: AFactorPenepmaReadmatrix
7/15/2015 7:17:47 PM, Program: Calczaf, Error: Binary for Nb la in B  at 12 keV, was not found., Procedure: AFactorPenepmaReadmatrix
7/15/2015 7:17:48 PM, Program: Calczaf, Error: Binary for Nb la in B  at 15 keV, was not found., Procedure: AFactorPenepmaReadmatrix
7/15/2015 7:17:49 PM, Program: Calczaf, Error: Binary for Nb la in B  at 20 keV, was not found., Procedure: AFactorPenepmaReadmatrix
7/15/2015 7:17:50 PM, Program: Calczaf, Error: Binary for Nb la in B  at 25 keV, was not found., Procedure: AFactorPenepmaReadmatrix
7/15/2015 7:17:51 PM, Program: Calczaf, Error: Binary for Nb la in B  at 30 keV, was not found., Procedure: AFactorPenepmaReadmatrix
7/15/2015 7:17:52 PM, Program: Calczaf, Error: Binary for Nb la in B  at 4 keV, was not found., Procedure: AFactorPenepmaReadmatrix
7/15/2015 7:17:53 PM, Program: Calczaf, Error: Binary for Nb la in B  at 6 keV, was not found., Procedure: AFactorPenepmaReadmatrix
7/15/2015 7:17:54 PM, Program: Calczaf, Error: Binary for Nb la in B  at 8 keV, was not found., Procedure: AFactorPenepmaReadmatrix
7/15/2015 7:17:55 PM, Program: Calczaf, Error: Binary for Nb la in B  at 10 keV, was not found., Procedure: AFactorPenepmaReadmatrix
7/15/2015 7:17:56 PM, Program: Calczaf, Error: Binary for Nb la in B  at 12 keV, was not found., Procedure: AFactorPenepmaReadmatrix
7/15/2015 7:17:57 PM, Program: Calczaf, Error: Binary for Nb la in B  at 15 keV, was not found., Procedure: AFactorPenepmaReadmatrix
7/15/2015 7:17:58 PM, Program: Calczaf, Error: Binary for Nb la in B  at 20 keV, was not found., Procedure: AFactorPenepmaReadmatrix
7/15/2015 7:17:59 PM, Program: Calczaf, Error: Binary for Nb la in B  at 25 keV, was not found., Procedure: AFactorPenepmaReadmatrix
7/15/2015 7:18:00 PM, Program: Calczaf, Error: Binary for Nb la in B  at 30 keV, was not found., Procedure: AFactorPenepmaReadmatrix
7/15/2015 7:18:01 PM, Program: Calczaf, Error: Binary for Mo la in B  at 4 keV, was not found., Procedure: AFactorPenepmaReadmatrix
7/15/2015 7:18:02 PM, Program: Calczaf, Error: Binary for Mo la in B  at 6 keV, was not found., Procedure: AFactorPenepmaReadmatrix
7/15/2015 7:18:03 PM, Program: Calczaf, Error: Binary for Mo la in B  at 8 keV, was not found., Procedure: AFactorPenepmaReadmatrix
7/15/2015 7:18:04 PM, Program: Calczaf, Error: Binary for Mo la in B  at 10 keV, was not found., Procedure: AFactorPenepmaReadmatrix
7/15/2015 7:18:05 PM, Program: Calczaf, Error: Binary for Mo la in B  at 12 keV, was not found., Procedure: AFactorPenepmaReadmatrix
7/15/2015 7:18:06 PM, Program: Calczaf, Error: Binary for Mo la in B  at 15 keV, was not found., Procedure: AFactorPenepmaReadmatrix
7/15/2015 7:18:07 PM, Program: Calczaf, Error: Binary for Mo la in B  at 20 keV, was not found., Procedure: AFactorPenepmaReadmatrix
7/15/2015 7:18:08 PM, Program: Calczaf, Error: Binary for Mo la in B  at 25 keV, was not found., Procedure: AFactorPenepmaReadmatrix
7/15/2015 7:18:09 PM, Program: Calczaf, Error: Binary for Mo la in B  at 30 keV, was not found., Procedure: AFactorPenepmaReadmatrix
7/15/2015 7:18:10 PM, Program: Calczaf, Error: Binary for Ta ma in B  at 4 keV, was not found., Procedure: AFactorPenepmaReadmatrix
7/15/2015 7:18:11 PM, Program: Calczaf, Error: Binary for Ta ma in B  at 6 keV, was not found., Procedure: AFactorPenepmaReadmatrix
7/15/2015 7:18:12 PM, Program: Calczaf, Error: Binary for Ta ma in B  at 8 keV, was not found., Procedure: AFactorPenepmaReadmatrix
7/15/2015 7:18:13 PM, Program: Calczaf, Error: Binary for Ta ma in B  at 10 keV, was not found., Procedure: AFactorPenepmaReadmatrix
7/15/2015 7:18:14 PM, Program: Calczaf, Error: Binary for Ta ma in B  at 12 keV, was not found., Procedure: AFactorPenepmaReadmatrix
7/15/2015 7:18:15 PM, Program: Calczaf, Error: Binary for Ta ma in B  at 15 keV, was not found., Procedure: AFactorPenepmaReadmatrix
7/15/2015 7:18:16 PM, Program: Calczaf, Error: Binary for Ta ma in B  at 20 keV, was not found., Procedure: AFactorPenepmaReadmatrix
7/15/2015 7:18:17 PM, Program: Calczaf, Error: Binary for Ta ma in B  at 25 keV, was not found., Procedure: AFactorPenepmaReadmatrix
7/15/2015 7:18:18 PM, Program: Calczaf, Error: Binary for Ta ma in B  at 30 keV, was not found., Procedure: AFactorPenepmaReadmatrix
7/15/2015 7:18:19 PM, Program: Calczaf, Error: Binary for Ta la in B  at 12 keV, was not found., Procedure: AFactorPenepmaReadmatrix
7/15/2015 7:18:20 PM, Program: Calczaf, Error: Binary for Ta la in B  at 15 keV, was not found., Procedure: AFactorPenepmaReadmatrix
7/15/2015 7:18:21 PM, Program: Calczaf, Error: Binary for Ta la in B  at 20 keV, was not found., Procedure: AFactorPenepmaReadmatrix
7/15/2015 7:18:22 PM, Program: Calczaf, Error: Binary for Ta la in B  at 25 keV, was not found., Procedure: AFactorPenepmaReadmatrix
7/15/2015 7:18:23 PM, Program: Calczaf, Error: Binary for Ta la in B  at 30 keV, was not found., Procedure: AFactorPenepmaReadmatrix
7/15/2015 7:18:24 PM, Program: Calczaf, Error: Binary for Ta ma in B  at 4 keV, was not found., Procedure: AFactorPenepmaReadmatrix
7/15/2015 7:18:25 PM, Program: Calczaf, Error: Binary for Ta ma in B  at 6 keV, was not found., Procedure: AFactorPenepmaReadmatrix
7/15/2015 7:18:26 PM, Program: Calczaf, Error: Binary for Ta ma in B  at 8 keV, was not found., Procedure: AFactorPenepmaReadmatrix
7/15/2015 7:18:27 PM, Program: Calczaf, Error: Binary for Ta ma in B  at 10 keV, was not found., Procedure: AFactorPenepmaReadmatrix
7/15/2015 7:18:28 PM, Program: Calczaf, Error: Binary for Ta ma in B  at 12 keV, was not found., Procedure: AFactorPenepmaReadmatrix
7/15/2015 7:18:29 PM, Program: Calczaf, Error: Binary for Ta ma in B  at 15 keV, was not found., Procedure: AFactorPenepmaReadmatrix
7/15/2015 7:18:30 PM, Program: Calczaf, Error: Binary for Ta ma in B  at 20 keV, was not found., Procedure: AFactorPenepmaReadmatrix
7/15/2015 7:18:31 PM, Program: Calczaf, Error: Binary for Ta ma in B  at 25 keV, was not found., Procedure: AFactorPenepmaReadmatrix
7/15/2015 7:18:32 PM, Program: Calczaf, Error: Binary for Ta ma in B  at 30 keV, was not found., Procedure: AFactorPenepmaReadmatrix
7/15/2015 7:18:33 PM, Program: Calczaf, Error: Binary for Ta la in B  at 12 keV, was not found., Procedure: AFactorPenepmaReadmatrix
7/15/2015 7:18:34 PM, Program: Calczaf, Error: Binary for Ta la in B  at 15 keV, was not found., Procedure: AFactorPenepmaReadmatrix
7/15/2015 7:18:35 PM, Program: Calczaf, Error: Binary for Ta la in B  at 20 keV, was not found., Procedure: AFactorPenepmaReadmatrix
7/15/2015 7:18:36 PM, Program: Calczaf, Error: Binary for Ta la in B  at 25 keV, was not found., Procedure: AFactorPenepmaReadmatrix
7/15/2015 7:18:37 PM, Program: Calczaf, Error: Binary for Ta la in B  at 30 keV, was not found., Procedure: AFactorPenepmaReadmatrix
7/15/2015 7:18:38 PM, Program: Calczaf, Error: Binary for W  ma in B  at 4 keV, was not found., Procedure: AFactorPenepmaReadmatrix
7/15/2015 7:18:39 PM, Program: Calczaf, Error: Binary for W  ma in B  at 6 keV, was not found., Procedure: AFactorPenepmaReadmatrix
7/15/2015 7:18:40 PM, Program: Calczaf, Error: Binary for W  ma in B  at 8 keV, was not found., Procedure: AFactorPenepmaReadmatrix
7/15/2015 7:18:41 PM, Program: Calczaf, Error: Binary for W  ma in B  at 10 keV, was not found., Procedure: AFactorPenepmaReadmatrix
7/15/2015 7:18:42 PM, Program: Calczaf, Error: Binary for W  ma in B  at 12 keV, was not found., Procedure: AFactorPenepmaReadmatrix
7/15/2015 7:18:43 PM, Program: Calczaf, Error: Binary for W  ma in B  at 15 keV, was not found., Procedure: AFactorPenepmaReadmatrix
7/15/2015 7:18:44 PM, Program: Calczaf, Error: Binary for W  ma in B  at 20 keV, was not found., Procedure: AFactorPenepmaReadmatrix
7/15/2015 7:18:45 PM, Program: Calczaf, Error: Binary for W  ma in B  at 25 keV, was not found., Procedure: AFactorPenepmaReadmatrix
7/15/2015 7:18:46 PM, Program: Calczaf, Error: Binary for W  ma in B  at 30 keV, was not found., Procedure: AFactorPenepmaReadmatrix
7/15/2015 7:18:47 PM, Program: Calczaf, Error: Binary for W  la in B  at 12 keV, was not found., Procedure: AFactorPenepmaReadmatrix
7/15/2015 7:18:48 PM, Program: Calczaf, Error: Binary for W  la in B  at 15 keV, was not found., Procedure: AFactorPenepmaReadmatrix
7/15/2015 7:18:49 PM, Program: Calczaf, Error: Binary for W  la in B  at 20 keV, was not found., Procedure: AFactorPenepmaReadmatrix
7/15/2015 7:18:50 PM, Program: Calczaf, Error: Binary for W  la in B  at 25 keV, was not found., Procedure: AFactorPenepmaReadmatrix
7/15/2015 7:18:51 PM, Program: Calczaf, Error: Binary for W  la in B  at 30 keV, was not found., Procedure: AFactorPenepmaReadmatrix
7/15/2015 7:21:50 PM, Program: Calczaf, Error: Binary for Sb la in Bi at 10 keV, was not found., Procedure: AFactorPenepmaReadmatrix
7/15/2015 7:21:51 PM, Program: Calczaf, Error: Binary for Sb la in Bi at 15 keV, was not found., Procedure: AFactorPenepmaReadmatrix
7/15/2015 7:21:52 PM, Program: Calczaf, Error: Binary for Sb la in Bi at 20 keV, was not found., Procedure: AFactorPenepmaReadmatrix
7/15/2015 7:21:53 PM, Program: Calczaf, Error: Binary for Sb la in Bi at 25 keV, was not found., Procedure: AFactorPenepmaReadmatrix
7/15/2015 7:21:54 PM, Program: Calczaf, Error: Binary for Sb la in Bi at 30 keV, was not found., Procedure: AFactorPenepmaReadmatrix
7/15/2015 7:21:55 PM, Program: Calczaf, Error: Binary for Sb la in Bi at 10 keV, was not found., Procedure: AFactorPenepmaReadmatrix
7/15/2015 7:21:56 PM, Program: Calczaf, Error: Binary for Sb la in Bi at 15 keV, was not found., Procedure: AFactorPenepmaReadmatrix
7/15/2015 7:21:57 PM, Program: Calczaf, Error: Binary for Sb la in Bi at 20 keV, was not found., Procedure: AFactorPenepmaReadmatrix
7/15/2015 7:21:58 PM, Program: Calczaf, Error: Binary for Sb la in Bi at 25 keV, was not found., Procedure: AFactorPenepmaReadmatrix
7/15/2015 7:21:59 PM, Program: Calczaf, Error: Binary for Sb la in Bi at 30 keV, was not found., Procedure: AFactorPenepmaReadmatrix
7/15/2015 7:22:00 PM, Program: Calczaf, Error: Binary for Sb la in Bi at 10 keV, was not found., Procedure: AFactorPenepmaReadmatrix
7/15/2015 7:22:01 PM, Program: Calczaf, Error: Binary for Sb la in Bi at 15 keV, was not found., Procedure: AFactorPenepmaReadmatrix
7/15/2015 7:22:02 PM, Program: Calczaf, Error: Binary for Sb la in Bi at 20 keV, was not found., Procedure: AFactorPenepmaReadmatrix
7/15/2015 7:22:03 PM, Program: Calczaf, Error: Binary for Sb la in Bi at 25 keV, was not found., Procedure: AFactorPenepmaReadmatrix
7/15/2015 7:22:04 PM, Program: Calczaf, Error: Binary for Sb la in Bi at 30 keV, was not found., Procedure: AFactorPenepmaReadmatrix
7/15/2015 7:22:05 PM, Program: Calczaf, Error: Binary for Sb la in Bi at 10 keV, was not found., Procedure: AFactorPenepmaReadmatrix
7/15/2015 7:22:06 PM, Program: Calczaf, Error: Binary for Sb la in Bi at 15 keV, was not found., Procedure: AFactorPenepmaReadmatrix
7/15/2015 7:22:07 PM, Program: Calczaf, Error: Binary for Sb la in Bi at 20 keV, was not found., Procedure: AFactorPenepmaReadmatrix
7/15/2015 7:22:08 PM, Program: Calczaf, Error: Binary for Sb la in Bi at 25 keV, was not found., Procedure: AFactorPenepmaReadmatrix
7/15/2015 7:22:09 PM, Program: Calczaf, Error: Binary for Sb la in Bi at 30 keV, was not found., Procedure: AFactorPenepmaReadmatrix
7/15/2015 7:22:09 PM, Program: Calczaf, Error: Binary for Sb la in Bi at 10 keV, was not found., Procedure: AFactorPenepmaReadmatrix
7/15/2015 7:22:11 PM, Program: Calczaf, Error: Binary for Sb la in Bi at 15 keV, was not found., Procedure: AFactorPenepmaReadmatrix
7/15/2015 7:22:11 PM, Program: Calczaf, Error: Binary for Sb la in Bi at 20 keV, was not found., Procedure: AFactorPenepmaReadmatrix
7/15/2015 7:22:13 PM, Program: Calczaf, Error: Binary for Sb la in Bi at 25 keV, was not found., Procedure: AFactorPenepmaReadmatrix
7/15/2015 7:22:13 PM, Program: Calczaf, Error: Binary for Sb la in Bi at 30 keV, was not found., Procedure: AFactorPenepmaReadmatrix
7/15/2015 7:22:14 PM, Program: Calczaf, Error: Binary for Sb la in Bi at 10 keV, was not found., Procedure: AFactorPenepmaReadmatrix
7/15/2015 7:22:15 PM, Program: Calczaf, Error: Binary for Sb la in Bi at 15 keV, was not found., Procedure: AFactorPenepmaReadmatrix
7/15/2015 7:22:16 PM, Program: Calczaf, Error: Binary for Sb la in Bi at 20 keV, was not found., Procedure: AFactorPenepmaReadmatrix
7/15/2015 7:22:17 PM, Program: Calczaf, Error: Binary for Sb la in Bi at 25 keV, was not found., Procedure: AFactorPenepmaReadmatrix
7/15/2015 7:22:18 PM, Program: Calczaf, Error: Binary for Sb la in Bi at 30 keV, was not found., Procedure: AFactorPenepmaReadmatrix
7/15/2015 7:22:19 PM, Program: Calczaf, Error: Binary for Sb la in Bi at 10 keV, was not found., Procedure: AFactorPenepmaReadmatrix
7/15/2015 7:22:20 PM, Program: Calczaf, Error: Binary for Sb la in Bi at 15 keV, was not found., Procedure: AFactorPenepmaReadmatrix
7/15/2015 7:22:21 PM, Program: Calczaf, Error: Binary for Sb la in Bi at 20 keV, was not found., Procedure: AFactorPenepmaReadmatrix
7/15/2015 7:22:22 PM, Program: Calczaf, Error: Binary for Sb la in Bi at 25 keV, was not found., Procedure: AFactorPenepmaReadmatrix
7/15/2015 7:22:23 PM, Program: Calczaf, Error: Binary for Sb la in Bi at 30 keV, was not found., Procedure: AFactorPenepmaReadmatrix
7/15/2015 7:22:24 PM, Program: Calczaf, Error: Binary for Sb la in Bi at 10 keV, was not found., Procedure: AFactorPenepmaReadmatrix
7/15/2015 7:22:25 PM, Program: Calczaf, Error: Binary for Sb la in Bi at 15 keV, was not found., Procedure: AFactorPenepmaReadmatrix
7/15/2015 7:22:26 PM, Program: Calczaf, Error: Binary for Sb la in Bi at 20 keV, was not found., Procedure: AFactorPenepmaReadmatrix
7/15/2015 7:22:27 PM, Program: Calczaf, Error: Binary for U  mb in C  at 10 keV, was not found., Procedure: AFactorPenepmaReadmatrix
7/15/2015 7:22:28 PM, Program: Calczaf, Error: Binary for U  mb in C  at 15 keV, was not found., Procedure: AFactorPenepmaReadmatrix
7/15/2015 7:22:29 PM, Program: Calczaf, Error: Binary for U  mb in C  at 20 keV, was not found., Procedure: AFactorPenepmaReadmatrix
7/15/2015 7:22:30 PM, Program: Calczaf, Error: Binary for U  mb in C  at 25 keV, was not found., Procedure: AFactorPenepmaReadmatrix
7/15/2015 7:22:31 PM, Program: Calczaf, Error: Binary for U  mb in C  at 30 keV, was not found., Procedure: AFactorPenepmaReadmatrix
7/15/2015 7:22:32 PM, Program: Calczaf, Error: Binary for U  mb in C  at 35 keV, was not found., Procedure: AFactorPenepmaReadmatrix
7/15/2015 7:22:33 PM, Program: Calczaf, Error: Binary for U  mb in N  at 10 keV, was not found., Procedure: AFactorPenepmaReadmatrix
7/15/2015 7:22:34 PM, Program: Calczaf, Error: Binary for U  mb in N  at 15 keV, was not found., Procedure: AFactorPenepmaReadmatrix
7/15/2015 7:22:35 PM, Program: Calczaf, Error: Binary for U  mb in N  at 20 keV, was not found., Procedure: AFactorPenepmaReadmatrix
7/15/2015 7:22:36 PM, Program: Calczaf, Error: Binary for U  mb in N  at 25 keV, was not found., Procedure: AFactorPenepmaReadmatrix
7/15/2015 7:22:37 PM, Program: Calczaf, Error: Binary for U  mb in N  at 30 keV, was not found., Procedure: AFactorPenepmaReadmatrix
7/15/2015 7:22:38 PM, Program: Calczaf, Error: Binary for U  mb in N  at 35 keV, was not found., Procedure: AFactorPenepmaReadmatrix
7/15/2015 7:22:39 PM, Program: Calczaf, Error: Binary for U  mb in Si at 10 keV, was not found., Procedure: AFactorPenepmaReadmatrix
7/15/2015 7:22:40 PM, Program: Calczaf, Error: Binary for U  mb in Si at 15 keV, was not found., Procedure: AFactorPenepmaReadmatrix
7/15/2015 7:22:41 PM, Program: Calczaf, Error: Binary for U  mb in Si at 20 keV, was not found., Procedure: AFactorPenepmaReadmatrix
7/15/2015 7:22:42 PM, Program: Calczaf, Error: Binary for U  mb in Si at 25 keV, was not found., Procedure: AFactorPenepmaReadmatrix
7/15/2015 7:22:43 PM, Program: Calczaf, Error: Binary for U  mb in Si at 30 keV, was not found., Procedure: AFactorPenepmaReadmatrix
7/15/2015 7:22:44 PM, Program: Calczaf, Error: Binary for U  mb in Si at 35 keV, was not found., Procedure: AFactorPenepmaReadmatrix
7/15/2015 7:22:45 PM, Program: Calczaf, Error: Binary for U  mb in P  at 10 keV, was not found., Procedure: AFactorPenepmaReadmatrix
7/15/2015 7:22:46 PM, Program: Calczaf, Error: Binary for U  mb in P  at 15 keV, was not found., Procedure: AFactorPenepmaReadmatrix
7/15/2015 7:22:47 PM, Program: Calczaf, Error: Binary for U  mb in P  at 20 keV, was not found., Procedure: AFactorPenepmaReadmatrix
7/15/2015 7:22:48 PM, Program: Calczaf, Error: Binary for U  mb in P  at 25 keV, was not found., Procedure: AFactorPenepmaReadmatrix
7/15/2015 7:22:49 PM, Program: Calczaf, Error: Binary for U  mb in P  at 30 keV, was not found., Procedure: AFactorPenepmaReadmatrix
7/15/2015 7:22:50 PM, Program: Calczaf, Error: Binary for U  mb in P  at 35 keV, was not found., Procedure: AFactorPenepmaReadmatrix
7/15/2015 7:22:51 PM, Program: Calczaf, Error: Binary for U  mb in S  at 10 keV, was not found., Procedure: AFactorPenepmaReadmatrix
7/15/2015 7:22:52 PM, Program: Calczaf, Error: Binary for U  mb in S  at 15 keV, was not found., Procedure: AFactorPenepmaReadmatrix
7/15/2015 7:22:53 PM, Program: Calczaf, Error: Binary for U  mb in S  at 20 keV, was not found., Procedure: AFactorPenepmaReadmatrix
7/15/2015 7:22:54 PM, Program: Calczaf, Error: Binary for U  mb in S  at 25 keV, was not found., Procedure: AFactorPenepmaReadmatrix
7/15/2015 7:22:55 PM, Program: Calczaf, Error: Binary for U  mb in S  at 30 keV, was not found., Procedure: AFactorPenepmaReadmatrix
7/15/2015 7:22:56 PM, Program: Calczaf, Error: Binary for U  mb in S  at 35 keV, was not found., Procedure: AFactorPenepmaReadmatrix
7/15/2015 7:22:57 PM, Program: Calczaf, Error: Binary for U  mb in Fe at 10 keV, was not found., Procedure: AFactorPenepmaReadmatrix
7/15/2015 7:22:58 PM, Program: Calczaf, Error: Binary for U  mb in Fe at 15 keV, was not found., Procedure: AFactorPenepmaReadmatrix
7/15/2015 7:22:59 PM, Program: Calczaf, Error: Binary for U  mb in Fe at 20 keV, was not found., Procedure: AFactorPenepmaReadmatrix
7/15/2015 7:23:00 PM, Program: Calczaf, Error: Binary for U  mb in Fe at 25 keV, was not found., Procedure: AFactorPenepmaReadmatrix
7/15/2015 7:23:01 PM, Program: Calczaf, Error: Binary for U  mb in Fe at 30 keV, was not found., Procedure: AFactorPenepmaReadmatrix
7/15/2015 7:23:02 PM, Program: Calczaf, Error: Binary for U  mb in Fe at 35 keV, was not found., Procedure: AFactorPenepmaReadmatrix
7/15/2015 7:23:02 PM, Program: Calczaf, Error: Binary for Pb la in S  at 20 keV, was not found., Procedure: AFactorPenepmaReadmatrix
7/15/2015 7:23:03 PM, Program: Calczaf, Error: Binary for Pb la in S  at 25 keV, was not found., Procedure: AFactorPenepmaReadmatrix
7/15/2015 7:23:04 PM, Program: Calczaf, Error: Binary for Pb la in S  at 30 keV, was not found., Procedure: AFactorPenepmaReadmatrix
7/15/2015 7:23:05 PM, Program: Calczaf, Error: Binary for Pb la in S  at 35 keV, was not found., Procedure: AFactorPenepmaReadmatrix
7/15/2015 7:23:06 PM, Program: Calczaf, Error: Binary for Pb la in S  at 40 keV, was not found., Procedure: AFactorPenepmaReadmatrix
7/15/2015 7:23:07 PM, Program: Calczaf, Error: Binary for Zn ka in S  at 20 keV, was not found., Procedure: AFactorPenepmaReadmatrix
7/15/2015 7:23:08 PM, Program: Calczaf, Error: Binary for Zn ka in S  at 25 keV, was not found., Procedure: AFactorPenepmaReadmatrix
7/15/2015 7:23:09 PM, Program: Calczaf, Error: Binary for Zn ka in S  at 30 keV, was not found., Procedure: AFactorPenepmaReadmatrix
7/15/2015 7:23:26 PM, Program: Calczaf, Error: Binary for V  ka in C  at 6 keV, was not found., Procedure: AFactorPenepmaReadmatrix
7/15/2015 7:25:44 PM, Program: Calczaf, Error: Binary for Au la in Cu at 13 keV, was not found., Procedure: AFactorPenepmaReadmatrix
7/15/2015 7:25:52 PM, Program: Calczaf, Error: Binary for Au la in Cu at 13 keV, was not found., Procedure: AFactorPenepmaReadmatrix
7/15/2015 7:26:19 PM, Program: Calczaf, Error: Binary for Cu la in Al at 16 keV, was not found., Procedure: AFactorPenepmaReadmatrix
7/15/2015 7:26:20 PM, Program: Calczaf, Error: Binary for Cu la in Al at 21 keV, was not found., Procedure: AFactorPenepmaReadmatrix
7/15/2015 7:26:21 PM, Program: Calczaf, Error: Binary for Cu la in Al at 32 keV, was not found., Procedure: AFactorPenepmaReadmatrix
7/15/2015 7:26:29 PM, Program: Calczaf, Error: Binary for Cu la in Al at 40 keV, was not found., Procedure: AFactorPenepmaReadmatrix
